{"C:\\Users\\Emil\\Desktop\\Front end\\workflow\\social-media-client\\src\\js\\api\\auth\\login.js": {"path":"C:\\Users\\Emil\\Desktop\\Front end\\workflow\\social-media-client\\src\\js\\api\\auth\\login.js","statementMap":{"0":{"start":{"line":6,"column":19},"end":{"line":10,"column":4}},"1":{"start":{"line":12,"column":2},"end":{"line":18,"column":3}},"2":{"start":{"line":13,"column":20},"end":{"line":13,"column":41}},"3":{"start":{"line":14,"column":4},"end":{"line":14,"column":38}},"4":{"start":{"line":15,"column":4},"end":{"line":15,"column":30}},"5":{"start":{"line":16,"column":4},"end":{"line":16,"column":28}},"6":{"start":{"line":17,"column":4},"end":{"line":17,"column":18}},"7":{"start":{"line":20,"column":2},"end":{"line":20,"column":38}}},"fnMap":{"0":{"name":"login","decl":{"start":{"line":5,"column":22},"end":{"line":5,"column":27}},"loc":{"start":{"line":5,"column":45},"end":{"line":21,"column":1}},"line":5}},"branchMap":{"0":{"loc":{"start":{"line":12,"column":2},"end":{"line":18,"column":3}},"type":"if","locations":[{"start":{"line":12,"column":2},"end":{"line":18,"column":3}},{"start":{},"end":{}}],"line":12}},"s":{"0":1,"1":1,"2":1,"3":1,"4":1,"5":1,"6":1,"7":0},"f":{"0":1},"b":{"0":[1,0]},"_coverageSchema":"1a1c01bbd47fc00a2c39e90264f33305004495a9","hash":"f4d8627e53357b06dbb4873bb64e650294a3984d"}
,"C:\\Users\\Emil\\Desktop\\Front end\\workflow\\social-media-client\\src\\js\\api\\auth\\logout.js": {"path":"C:\\Users\\Emil\\Desktop\\Front end\\workflow\\social-media-client\\src\\js\\api\\auth\\logout.js","statementMap":{"0":{"start":{"line":4,"column":2},"end":{"line":4,"column":17}},"1":{"start":{"line":5,"column":2},"end":{"line":5,"column":19}}},"fnMap":{"0":{"name":"logout","decl":{"start":{"line":3,"column":16},"end":{"line":3,"column":22}},"loc":{"start":{"line":3,"column":25},"end":{"line":6,"column":1}},"line":3}},"branchMap":{},"s":{"0":1,"1":1},"f":{"0":1},"b":{},"_coverageSchema":"1a1c01bbd47fc00a2c39e90264f33305004495a9","hash":"8a387c57fc57b49d4d4340d31d5d0db9870ef706"}
}
